[debug] > Exec(early(addDefaultCommands), None, None)
[debug] > Exec(addDefaultCommands, None, None)
[debug] > Exec(early(initialize), None, None)
[debug] > Exec(initialize, None, None)
[debug] > Exec(early(addPluginSbtFile="""C:\Users\szymo\AppData\Local\Temp\idea.sbt"""), None, None)
[debug] > Exec(addPluginSbtFile="""C:\Users\szymo\AppData\Local\Temp\idea.sbt""", None, None)
[debug] > Exec(boot, None, None)
[debug] > Exec(writeSbtVersion, None, None)
[debug] > Exec(reload, None, None)
[debug] > Exec(sbtStashOnFailure, None, None)
[debug] > Exec(onFailure loadFailed, None, None)
[debug] > Exec(loadp, None, None)
[info] welcome to sbt 1.4.9 (Oracle Corporation Java 1.8.0_281)
[debug]       Load.loadUnit: plugins took 114.9731ms
[debug]       Load.loadUnit: defsScala took 0.3624ms
[debug] [Loading] Scanning directory C:\Users\szymo\.sbt\1.0\plugins
[debug] [Loading] Found non-root projects 
[debug] [Loading] Done in C:\Users\szymo\.sbt\1.0\plugins, returning: ()
[debug] deducing auto plugins based on known facts Set(Atom(sbt.plugins.CorePlugin)) and clauses Clauses(List(Clause(Atom(sbt.plugins.JvmPlugin),Set(Atom(sbt.plugins.IvyPlugin))), Clause(Atom(sbt.ScriptedPlugin),Set(Atom(sbt.plugins.JvmPlugin))), Clause(Atom(sbt.plugins.SbtPlugin),Set(Atom(sbt.ScriptedPlugin))), Clause(Atom(sbt.plugins.SemanticdbPlugin),Set(Atom(sbt.plugins.JvmPlugin))), Clause(Atom(sbt.plugins.JUnitXmlReportPlugin),Set(Atom(sbt.plugins.JvmPlugin))), Clause(Atom(sbt.plugins.MiniDependencyTreePlugin),Set(Atom(sbt.plugins.JvmPlugin))), Clause(Atom(sbt.plugins.CorePlugin),Set(Atom(sbt.plugins.IvyPlugin))), Clause(Atom(sbt.plugins.IvyPlugin),Set(Atom(sbt.plugins.JvmPlugin))), Clause(Atom(sbt.plugins.JvmPlugin),Set(Atom(sbt.plugins.SemanticdbPlugin))), Clause(Atom(sbt.plugins.JvmPlugin),Set(Atom(sbt.plugins.JUnitXmlReportPlugin))), Clause(Atom(sbt.plugins.CorePlugin),Set(Atom(sbt.plugins.Giter8TemplatePlugin))), Clause(Atom(sbt.plugins.JvmPlugin),Set(Atom(sbt.plugins.MiniDependencyTreePlugin)))))
[debug]   :: deduced result: Matched(sbt.plugins.CorePlugin,sbt.plugins.Giter8TemplatePlugin,sbt.plugins.IvyPlugin,sbt.plugins.JvmPlugin,sbt.plugins.MiniDependencyTreePlugin,sbt.plugins.JUnitXmlReportPlugin,sbt.plugins.SemanticdbPlugin)
[debug] Plugins.deducer#function took 19.1264 ms
[debug]           Load.resolveProject(global-plugins) took 54.0631ms
[debug]         Load.loadTransitive: finalizeProject(Project(id global-plugins, base: C:\Users\szymo\.sbt\1.0\plugins, plugins: List(<none>))) took 107.9664ms
[debug] [Loading] Done in C:\Users\szymo\.sbt\1.0\plugins, returning: (global-plugins)
[debug]       Load.loadUnit: loadedProjectsRaw took 128.4822ms
[debug]       Load.loadUnit: cleanEvalClasses took 0.4054ms
[debug]     Load.loadUnit(file:/C:/Users/szymo/.sbt/1.0/plugins/, ...) took 252.7226ms
[debug]   Load.apply: load took 407.1418ms
[debug]   Load.apply: resolveProjects took 5.8159ms
[debug]   Load.apply: finalTransforms took 54.6347ms
[debug]   Load.apply: config.delegates took 7.4609ms
[debug]   Load.apply: Def.make(settings)... took 2376.4557ms
[debug]   Load.apply: structureIndex took 102.3691ms
[debug]   Load.apply: mkStreams took 1.7986ms
[info] loading global plugins from C:\Users\szymo\.sbt\1.0\plugins
[debug] Running task... Cancel: Signal, check cycles: false, forcegc: true
[debug] Load.defaultLoad until apply took 15519.2086ms
[debug]           Load.loadUnit: plugins took 21.2002ms
[debug]           Load.loadUnit: defsScala took 0.0031ms
[debug] [Loading] Scanning directory C:\Users\szymo\Downloads\Projekty\Projekty_Java\NBD-zadania\project
[debug]             Load.loadUnit: mkEval took 8.1747ms
[debug] [Loading] Found non-root projects 
[debug] [Loading] Done in C:\Users\szymo\Downloads\Projekty\Projekty_Java\NBD-zadania\project, returning: ()
[debug] deducing auto plugins based on known facts Set(Atom(sbt.plugins.CorePlugin)) and clauses Clauses(List(Clause(Atom(sbt.plugins.JvmPlugin),Set(Atom(sbt.plugins.IvyPlugin))), Clause(Atom(sbt.ScriptedPlugin),Set(Atom(sbt.plugins.JvmPlugin))), Clause(Atom(sbt.plugins.SbtPlugin),Set(Atom(sbt.ScriptedPlugin))), Clause(Atom(sbt.plugins.SemanticdbPlugin),Set(Atom(sbt.plugins.JvmPlugin))), Clause(Atom(sbt.plugins.JUnitXmlReportPlugin),Set(Atom(sbt.plugins.JvmPlugin))), Clause(Atom(sbt.plugins.MiniDependencyTreePlugin),Set(Atom(sbt.plugins.JvmPlugin))), Clause(Atom(sbt.plugins.CorePlugin),Set(Atom(sbt.plugins.IvyPlugin))), Clause(Atom(sbt.plugins.IvyPlugin),Set(Atom(sbt.plugins.JvmPlugin))), Clause(Atom(sbt.plugins.JvmPlugin),Set(Atom(sbt.plugins.SemanticdbPlugin))), Clause(Atom(sbt.plugins.JvmPlugin),Set(Atom(sbt.plugins.JUnitXmlReportPlugin))), Clause(Atom(sbt.plugins.CorePlugin),Set(Atom(sbt.plugins.Giter8TemplatePlugin))), Clause(Atom(sbt.plugins.JvmPlugin),Set(Atom(sbt.plugins.MiniDependencyTreePlugin)))))
[debug]   :: deduced result: Matched(sbt.plugins.CorePlugin,sbt.plugins.Giter8TemplatePlugin,sbt.plugins.IvyPlugin,sbt.plugins.JvmPlugin,sbt.plugins.MiniDependencyTreePlugin,sbt.plugins.JUnitXmlReportPlugin,sbt.plugins.SemanticdbPlugin)
[debug] Plugins.deducer#function took 1.4069 ms
[info] loading settings for project nbd-zadania-build from idea.sbt ...
[debug]               Load.resolveProject(nbd-zadania-build) took 3.1121ms
[debug]             Load.loadTransitive: finalizeProject(Project(id nbd-zadania-build, base: C:\Users\szymo\Downloads\Projekty\Projekty_Java\NBD-zadania\project, plugins: List(<none>))) took 4.9398ms
[debug] [Loading] Done in C:\Users\szymo\Downloads\Projekty\Projekty_Java\NBD-zadania\project, returning: (nbd-zadania-build)
[debug]           Load.loadUnit: loadedProjectsRaw took 2167.8405ms
[debug]           Load.loadUnit: cleanEvalClasses took 4.465ms
[debug]         Load.loadUnit(file:/C:/Users/szymo/Downloads/Projekty/Projekty_Java/NBD-zadania/project/, ...) took 2194.3744ms
[debug]       Load.apply: load took 2195.5701ms
[debug]       Load.apply: resolveProjects took 0.0955ms
[debug]       Load.apply: finalTransforms took 7.3545ms
[debug]       Load.apply: config.delegates took 0.3496ms
[debug]       Load.apply: Def.make(settings)... took 67.7886ms
[debug]       Load.apply: structureIndex took 26.6337ms
[debug]       Load.apply: mkStreams took 0.0029ms
[info] loading project definition from C:\Users\szymo\Downloads\Projekty\Projekty_Java\NBD-zadania\project
[debug] Running task... Cancel: Signal, check cycles: false, forcegc: true
[warn] Unrecognized repository Scala Plugin Bundled Repository, ignoring it
[debug]     Load.loadUnit: plugins took 3252.3563ms
[debug]     Load.loadUnit: defsScala took 0.0031ms
[debug] [Loading] Scanning directory C:\Users\szymo\Downloads\Projekty\Projekty_Java\NBD-zadania
[debug]       Load.loadUnit: mkEval took 0.2292ms
[debug] [Loading] Found non-root projects 
[debug] [Loading] Done in C:\Users\szymo\Downloads\Projekty\Projekty_Java\NBD-zadania, returning: ()
[debug] deducing auto plugins based on known facts Set(Atom(sbt.plugins.CorePlugin)) and clauses Clauses(List(Clause(Atom(sbt.plugins.JvmPlugin),Set(Atom(sbt.plugins.IvyPlugin))), Clause(Atom(sbt.ScriptedPlugin),Set(Atom(sbt.plugins.JvmPlugin))), Clause(Atom(sbt.plugins.SbtPlugin),Set(Atom(sbt.ScriptedPlugin))), Clause(Atom(sbt.plugins.SemanticdbPlugin),Set(Atom(sbt.plugins.JvmPlugin))), Clause(Atom(sbt.plugins.JUnitXmlReportPlugin),Set(Atom(sbt.plugins.JvmPlugin))), Clause(Atom(sbt.plugins.MiniDependencyTreePlugin),Set(Atom(sbt.plugins.JvmPlugin))), Clause(Atom(org.jetbrains.sbt.StructurePlugin),Set(Atom(sbt.plugins.JvmPlugin))), Clause(Atom(org.jetbrains.sbt.IdeaShellPlugin),Set(Atom(sbt.plugins.JvmPlugin))), Clause(Atom(org.jetbrains.sbt.indices.SbtIntellijIndicesPlugin),Set(Atom(sbt.plugins.JvmPlugin))), Clause(Atom(sbt.plugins.CorePlugin),Set(Atom(sbt.plugins.IvyPlugin))), Clause(Atom(sbt.plugins.IvyPlugin),Set(Atom(sbt.plugins.JvmPlugin))), Clause(Atom(sbt.plugins.JvmPlugin),Set(Atom(sbt.plugins.SemanticdbPlugin))), Clause(Atom(sbt.plugins.JvmPlugin),Set(Atom(sbt.plugins.JUnitXmlReportPlugin))), Clause(Atom(sbt.plugins.CorePlugin),Set(Atom(sbt.plugins.Giter8TemplatePlugin))), Clause(Atom(sbt.plugins.JvmPlugin),Set(Atom(sbt.plugins.MiniDependencyTreePlugin))), Clause(Atom(sbt.plugins.JvmPlugin),Set(Atom(org.jetbrains.sbt.StructurePlugin))), Clause(Atom(sbt.plugins.JvmPlugin),Set(Atom(org.jetbrains.sbt.IdeaShellPlugin))), Clause(And(Set(Atom(sbt.plugins.CorePlugin), Atom(sbt.plugins.JvmPlugin))),Set(Atom(org.jetbrains.sbt.indices.SbtIntellijIndicesPlugin)))))
[debug]   :: deduced result: Matched(sbt.plugins.CorePlugin,sbt.plugins.Giter8TemplatePlugin,sbt.plugins.IvyPlugin,sbt.plugins.JvmPlugin,sbt.plugins.SemanticdbPlugin,org.jetbrains.sbt.indices.SbtIntellijIndicesPlugin,sbt.plugins.JUnitXmlReportPlugin,org.jetbrains.sbt.IdeaShellPlugin,org.jetbrains.sbt.StructurePlugin,sbt.plugins.MiniDependencyTreePlugin)
[debug] Plugins.deducer#function took 1.4393 ms
[info] loading settings for project nbd-zadania from build.sbt ...
[debug]         Load.resolveProject(nbd-zadania) took 32.6207ms
[debug]       Load.loadTransitive: finalizeProject(Project(id nbd-zadania, base: C:\Users\szymo\Downloads\Projekty\Projekty_Java\NBD-zadania, plugins: List(<none>))) took 35.1716ms
[debug] [Loading] Done in C:\Users\szymo\Downloads\Projekty\Projekty_Java\NBD-zadania, returning: (nbd-zadania)
[debug]     Load.loadUnit: loadedProjectsRaw took 962.5744ms
[debug]     Load.loadUnit: cleanEvalClasses took 9.7294ms
[debug]   Load.loadUnit(file:/C:/Users/szymo/Downloads/Projekty/Projekty_Java/NBD-zadania/, ...) took 4225.6315ms
[debug] Load.apply: load took 4227.1695ms
[debug] Load.apply: resolveProjects took 0.1653ms
[debug] Load.apply: finalTransforms took 30.7551ms
[debug] Load.apply: config.delegates took 0.4712ms
[debug] Load.apply: Def.make(settings)... took 77.9719ms
[debug] Load.apply: structureIndex took 25.2215ms
[debug] Load.apply: mkStreams took 0.002ms
[info] set current project to NBD-zadania (in build file:/C:/Users/szymo/Downloads/Projekty/Projekty_Java/NBD-zadania/)
[debug] > Exec(sbtPopOnFailure, None, None)
[debug] > Exec(resumeFromFailure, None, None)
[debug] > Exec(notifyUsersAboutShell, None, None)
[debug] > Exec(iflast shell, None, None)
[debug] > Exec(; set ideaPort in Global := 60073 ; idea-shell, None, None)
[debug] > Exec(set ideaPort in Global := 60073, None, None)
[info] Defining Global / ideaPort
[info] The new value will be used by Compile / compile, Test / compile
[debug] Defining 
[debug] 	Global / ideaPort
[debug] 
[debug] The new value will be used by 
[debug] 	Compile / compile
[debug] 	Test / compile
[info] Reapplying settings...
[info] set current project to NBD-zadania (in build file:/C:/Users/szymo/Downloads/Projekty/Projekty_Java/NBD-zadania/)
[debug] > Exec(idea-shell, None, None)
